<?xml version="1.0" encoding="UTF-8"?>
<!-- Generated by org.testng.reporters.JUnitReportReporter -->
<testsuite skipped="0" hostname="DESKTOP-I25G9L4" name="com.maheshsirproject.ecommerce.home.TC001_CustomerRegistration" tests="2" failures="0" timestamp="2021-01-30T09:35:16 MST" time="51.678" errors="0">
  <testcase name="verifyLogin" time="0.027" classname="com.maheshsirproject.ecommerce.home.TC001_CustomerRegistration"/>
  <system-out/>
  <testcase name="customerRegistration" time="51.651" classname="com.maheshsirproject.ecommerce.home.TC001_CustomerRegistration"/>
  <system-out/>
</testsuite> <!-- com.maheshsirproject.ecommerce.home.TC001_CustomerRegistration -->
