<?xml version="1.0" encoding="UTF-8"?>
<!-- Generated by org.testng.reporters.JUnitReportReporter -->
<testsuite skipped="0" hostname="DESKTOP-I25G9L4" name="com.maheshsirproject.ecommerce.home.DynamicWebCalendar" tests="1" failures="0" timestamp="2020-11-07T07:51:01 MST" time="26.220" errors="0">
  <testcase name="f" time="26.220" classname="com.maheshsirproject.ecommerce.home.DynamicWebCalendar"/>
  <system-out/>
</testsuite> <!-- com.maheshsirproject.ecommerce.home.DynamicWebCalendar -->
