<?xml version="1.0" encoding="UTF-8"?>
<!-- Generated by org.testng.reporters.JUnitReportReporter -->
<testsuite skipped="0" hostname="DESKTOP-I25G9L4" name="com.maheshsirproject.ecommerce.home.TC001_CustomerRegistration" tests="2" failures="0" timestamp="25 Feb 2021 06:13:27 GMT" time="21.194" errors="0">
  <testcase name="customerRegistration" time="21.194" classname="com.maheshsirproject.ecommerce.home.TC001_CustomerRegistration"/>
  <testcase name="verifyLogin" time="0.000" classname="com.maheshsirproject.ecommerce.home.TC001_CustomerRegistration"/>
</testsuite> <!-- com.maheshsirproject.ecommerce.home.TC001_CustomerRegistration -->
